mode: set
github.com/SornchaiTheDev/cs-lab-backend/internal/transaction/transaction.go:20.27,24.2 1 1
github.com/SornchaiTheDev/cs-lab-backend/internal/transaction/transaction.go:26.44,28.16 2 1
github.com/SornchaiTheDev/cs-lab-backend/internal/transaction/transaction.go:28.16,30.25 2 1
github.com/SornchaiTheDev/cs-lab-backend/internal/transaction/transaction.go:30.25,32.4 1 1
github.com/SornchaiTheDev/cs-lab-backend/internal/transaction/transaction.go:33.3,33.65 1 1
github.com/SornchaiTheDev/cs-lab-backend/internal/transaction/transaction.go:35.2,35.12 1 1
github.com/SornchaiTheDev/cs-lab-backend/internal/transaction/transaction.go:38.55,39.29 1 1
github.com/SornchaiTheDev/cs-lab-backend/internal/transaction/transaction.go:39.29,40.39 1 1
github.com/SornchaiTheDev/cs-lab-backend/internal/transaction/transaction.go:40.39,42.18 2 1
github.com/SornchaiTheDev/cs-lab-backend/internal/transaction/transaction.go:42.18,43.10 1 1
github.com/SornchaiTheDev/cs-lab-backend/internal/transaction/transaction.go:47.4,48.44 2 1
github.com/SornchaiTheDev/cs-lab-backend/internal/transaction/transaction.go:48.44,50.5 1 1
github.com/SornchaiTheDev/cs-lab-backend/internal/transaction/transaction.go:52.4,52.29 1 1
github.com/SornchaiTheDev/cs-lab-backend/internal/transaction/transaction.go:52.29,54.5 1 1
github.com/SornchaiTheDev/cs-lab-backend/internal/transaction/transaction.go:56.4,56.32 1 1
github.com/SornchaiTheDev/cs-lab-backend/internal/transaction/transaction.go:59.2,59.16 1 1
github.com/SornchaiTheDev/cs-lab-backend/internal/transaction/transaction.go:62.61,63.34 1 1
github.com/SornchaiTheDev/cs-lab-backend/internal/transaction/transaction.go:63.34,64.39 1 1
github.com/SornchaiTheDev/cs-lab-backend/internal/transaction/transaction.go:64.39,65.32 1 1
github.com/SornchaiTheDev/cs-lab-backend/internal/transaction/transaction.go:65.32,66.13 1 1
github.com/SornchaiTheDev/cs-lab-backend/internal/transaction/transaction.go:69.4,70.18 2 1
github.com/SornchaiTheDev/cs-lab-backend/internal/transaction/transaction.go:70.18,71.10 1 1
github.com/SornchaiTheDev/cs-lab-backend/internal/transaction/transaction.go:74.4,74.29 1 1
github.com/SornchaiTheDev/cs-lab-backend/internal/transaction/transaction.go:74.29,76.5 1 1
github.com/SornchaiTheDev/cs-lab-backend/internal/transaction/transaction.go:78.4,78.32 1 1
github.com/SornchaiTheDev/cs-lab-backend/internal/transaction/transaction.go:81.2,81.12 1 1
github.com/SornchaiTheDev/cs-lab-backend/internal/transaction/transaction.go:89.27,91.2 1 1
github.com/SornchaiTheDev/cs-lab-backend/internal/transaction/transaction.go:93.54,96.2 2 1
github.com/SornchaiTheDev/cs-lab-backend/internal/transaction/transaction.go:98.58,101.2 2 1
