mode: set
github.com/SornchaiTheDev/cs-lab-backend/internal/transaction/transaction.go:17.27,21.2 1 1
github.com/SornchaiTheDev/cs-lab-backend/internal/transaction/transaction.go:23.44,25.16 2 1
github.com/SornchaiTheDev/cs-lab-backend/internal/transaction/transaction.go:25.16,27.25 2 1
github.com/SornchaiTheDev/cs-lab-backend/internal/transaction/transaction.go:27.25,29.4 1 1
github.com/SornchaiTheDev/cs-lab-backend/internal/transaction/transaction.go:30.3,30.65 1 1
github.com/SornchaiTheDev/cs-lab-backend/internal/transaction/transaction.go:32.2,32.12 1 1
github.com/SornchaiTheDev/cs-lab-backend/internal/transaction/transaction.go:35.55,36.29 1 1
github.com/SornchaiTheDev/cs-lab-backend/internal/transaction/transaction.go:36.29,37.39 1 1
github.com/SornchaiTheDev/cs-lab-backend/internal/transaction/transaction.go:37.39,39.18 2 1
github.com/SornchaiTheDev/cs-lab-backend/internal/transaction/transaction.go:39.18,40.10 1 1
github.com/SornchaiTheDev/cs-lab-backend/internal/transaction/transaction.go:43.4,43.29 1 1
github.com/SornchaiTheDev/cs-lab-backend/internal/transaction/transaction.go:43.29,45.5 1 1
github.com/SornchaiTheDev/cs-lab-backend/internal/transaction/transaction.go:47.4,47.32 1 1
github.com/SornchaiTheDev/cs-lab-backend/internal/transaction/transaction.go:50.2,50.16 1 1
github.com/SornchaiTheDev/cs-lab-backend/internal/transaction/transaction.go:53.61,54.34 1 1
github.com/SornchaiTheDev/cs-lab-backend/internal/transaction/transaction.go:54.34,55.39 1 1
github.com/SornchaiTheDev/cs-lab-backend/internal/transaction/transaction.go:55.39,56.32 1 1
github.com/SornchaiTheDev/cs-lab-backend/internal/transaction/transaction.go:56.32,57.13 1 1
github.com/SornchaiTheDev/cs-lab-backend/internal/transaction/transaction.go:60.4,61.18 2 1
github.com/SornchaiTheDev/cs-lab-backend/internal/transaction/transaction.go:61.18,62.10 1 1
github.com/SornchaiTheDev/cs-lab-backend/internal/transaction/transaction.go:65.4,65.29 1 1
github.com/SornchaiTheDev/cs-lab-backend/internal/transaction/transaction.go:65.29,67.5 1 1
github.com/SornchaiTheDev/cs-lab-backend/internal/transaction/transaction.go:69.4,69.32 1 1
github.com/SornchaiTheDev/cs-lab-backend/internal/transaction/transaction.go:72.2,72.12 1 1
github.com/SornchaiTheDev/cs-lab-backend/internal/transaction/transaction.go:80.27,82.2 1 1
github.com/SornchaiTheDev/cs-lab-backend/internal/transaction/transaction.go:84.54,87.2 2 1
github.com/SornchaiTheDev/cs-lab-backend/internal/transaction/transaction.go:89.58,92.2 2 1
